AMRVAC
it   t   dt    d s1 s2 s3 tau b1 b2 b3 lfac xi c1 c2 c3 n1 n2 n3| Xload Xmemory 'Cell_Updates /second/core' 'Active_Blocks/Core' 'Wct Per Code Time [s]' 'TimeToFinish [hrs]'
      0  0.0000E+00  3.9694E-05  5.6250E-01  0.0000E+00  0.0000E+00  0.0000E+00  1.1750E+00  5.0000E-01  0.0000E+00  0.0000E+00  1.0000E+00  1.6625E+00  9.3750E-01  3.1250E-02  3.1250E-02      30       2       4 |   1.00E+00  1.00E+00  0.00E+00  9.00E+00  Infinity  Infinity
     10  1.8400E-03  3.2314E-04  5.6250E-01  1.6560E-03 -1.8400E-03  0.0000E+00  1.1750E+00  5.0000E-01  2.7756E-17  0.0000E+00  1.0003E+00  1.6637E+00  9.3750E-01  3.1250E-02  3.1250E-02      30       2       4 |   1.00E+00  1.00E+00  1.16E+05  9.00E+00  5.74E+00  6.35E-04
     20  5.5954E-03  4.0443E-04  5.6250E-01  5.0359E-03 -5.5954E-03  0.0000E+00  1.1750E+00  5.0000E-01 -2.7756E-17  0.0000E+00  1.0011E+00  1.6638E+00  9.3750E-01  3.1250E-02  3.1250E-02      30       2       4 |   1.00E+00  1.00E+00  1.70E+05  9.00E+00  3.15E+00  3.45E-04
     30  9.6416E-03  4.0473E-04  5.6250E-01  8.6774E-03 -9.6416E-03  0.0000E+00  1.1750E+00  5.0000E-01  2.7756E-17  0.0000E+00  1.0020E+00  1.6641E+00  9.3750E-01  3.1250E-02  3.1250E-02      30       2       4 |   1.00E+00  1.00E+00  1.72E+05  9.00E+00  3.11E+00  3.37E-04
     40  1.3690E-02  4.0503E-04  5.6250E-01  1.2321E-02 -1.3690E-02  0.0000E+00  1.1750E+00  5.0000E-01  2.7756E-17  0.0000E+00  1.0029E+00  1.6643E+00  8.7500E-01  6.2500E-02  6.2500E-02      28       4       8 |   1.00E+00  1.00E+00  1.69E+05  1.00E+01  3.50E+00  3.75E-04
     50  1.7742E-02  4.0520E-04  5.6250E-01  1.5967E-02 -1.7742E-02  0.0000E+00  1.1750E+00  5.0000E-01 -2.7756E-17  0.0000E+00  1.0038E+00  1.6645E+00  8.7500E-01  6.2500E-02  6.2500E-02      28       4       8 |   1.00E+00  1.00E+00  1.78E+05  1.00E+01  3.32E+00  3.53E-04
     60  2.1794E-02  4.0532E-04  5.6250E-01  1.9615E-02 -2.1794E-02  0.0000E+00  1.1750E+00  5.0000E-01  2.7756E-17  0.0000E+00  1.0046E+00  1.6647E+00  8.7500E-01  6.2500E-02  6.2500E-02      28       4       8 |   1.00E+00  1.00E+00  1.80E+05  1.00E+01  3.29E+00  3.45E-04
     70  2.5848E-02  4.0540E-04  5.6250E-01  2.3263E-02 -2.5848E-02  0.0000E+00  1.1750E+00  5.0000E-01  2.7756E-17  0.0000E+00  1.0055E+00  1.6649E+00  8.7500E-01  6.2500E-02  6.2500E-02      28       4       8 |   1.00E+00  1.00E+00  1.76E+05  1.00E+01  3.36E+00  3.50E-04
     80  2.9902E-02  4.0547E-04  5.6250E-01  2.6912E-02 -2.9902E-02  0.0000E+00  1.1750E+00  5.0000E-01  0.0000E+00  0.0000E+00  1.0064E+00  1.6650E+00  8.7500E-01  4.6875E-02  7.8125E-02      28       3      10 |   1.10E+00  1.10E+00  1.77E+05  1.02E+01  3.42E+00  3.52E-04
     90  3.3957E-02  4.0554E-04  5.6250E-01  3.0561E-02 -3.3957E-02  0.0000E+00  1.1750E+00  5.0000E-01 -2.7756E-17  0.0000E+00  1.0073E+00  1.6652E+00  8.7500E-01  3.1250E-02  9.3750E-02      28       2      12 |   1.10E+00  1.10E+00  1.75E+05  1.05E+01  3.55E+00  3.61E-04
    100  3.8013E-02  4.0559E-04  5.6250E-01  3.4211E-02 -3.8013E-02  0.0000E+00  1.1750E+00  5.0000E-01  2.7756E-17  0.0000E+00  1.0082E+00  1.6653E+00  8.7500E-01  3.1250E-02  9.3750E-02      28       2      12 |   1.10E+00  1.10E+00  1.75E+05  1.05E+01  3.55E+00  3.57E-04
    110  4.2069E-02  4.0564E-04  5.6250E-01  3.7862E-02 -4.2069E-02  0.0000E+00  1.1750E+00  5.0000E-01  0.0000E+00  0.0000E+00  1.0091E+00  1.6654E+00  8.4375E-01  4.6875E-02  1.0938E-01      27       3      14 |   1.00E+00  1.00E+00  1.82E+05  1.10E+01  3.57E+00  3.55E-04
    120  4.6125E-02  4.0567E-04  5.6250E-01  4.1513E-02 -4.6125E-02  0.0000E+00  1.1750E+00  5.0000E-01 -2.7756E-17  0.0000E+00  1.0100E+00  1.6656E+00  8.4375E-01  4.6875E-02  1.0938E-01      27       3      14 |   1.00E+00  1.00E+00  1.82E+05  1.10E+01  3.57E+00  3.51E-04
    130  5.0182E-02  4.0570E-04  5.6250E-01  4.5164E-02 -5.0182E-02  0.0000E+00  1.1750E+00  5.0000E-01  0.0000E+00  0.0000E+00  1.0109E+00  1.6657E+00  8.1250E-01  6.2500E-02  1.2500E-01      26       4      16 |   1.09E+00  1.09E+00  1.81E+05  1.15E+01  3.76E+00  3.65E-04
    140  5.4240E-02  4.0573E-04  5.6250E-01  4.8816E-02 -5.4240E-02  0.0000E+00  1.1750E+00  5.0000E-01  5.5511E-17  0.0000E+00  1.0118E+00  1.6658E+00  8.1250E-01  6.2500E-02  1.2500E-01      26       4      16 |   1.09E+00  1.09E+00  1.81E+05  1.15E+01  3.75E+00  3.61E-04
    150  5.8297E-02  4.0576E-04  5.6250E-01  5.2467E-02 -5.8297E-02  0.0000E+00  1.1750E+00  5.0000E-01  5.5511E-17  0.0000E+00  1.0126E+00  1.6660E+00  8.1250E-01  4.6875E-02  1.4062E-01      26       3      18 |   1.09E+00  1.09E+00  1.84E+05  1.18E+01  3.78E+00  3.59E-04
    160  6.2355E-02  4.0579E-04  5.6250E-01  5.6119E-02 -6.2355E-02  0.0000E+00  1.1750E+00  5.0000E-01  5.5511E-17  0.0000E+00  1.0135E+00  1.6661E+00  8.1250E-01  4.6875E-02  1.4062E-01      26       3      18 |   1.09E+00  1.09E+00  1.84E+05  1.18E+01  3.77E+00  3.54E-04
    170  6.6413E-02  4.0581E-04  5.6250E-01  5.9772E-02 -6.6413E-02  0.0000E+00  1.1750E+00  5.0000E-01  6.9389E-17  0.0000E+00  1.0144E+00  1.6662E+00  8.1250E-01  3.1250E-02  1.5625E-01      26       2      20 |   1.00E+00  1.00E+00  1.85E+05  1.20E+01  3.84E+00  3.56E-04
    180  7.0471E-02  4.0584E-04  5.6250E-01  6.3424E-02 -7.0471E-02  0.0000E+00  1.1750E+00  5.0000E-01  1.3878E-17  0.0000E+00  1.0153E+00  1.6663E+00  8.1250E-01  3.1250E-02  1.5625E-01      26       2      20 |   1.00E+00  1.00E+00  1.88E+05  1.20E+01  3.78E+00  3.46E-04
    190  7.4530E-02  4.0586E-04  5.6250E-01  6.7077E-02 -7.4530E-02  0.0000E+00  1.1750E+00  5.0000E-01  1.2490E-16  0.0000E+00  1.0162E+00  1.6665E+00  7.8125E-01  4.6875E-02  1.7188E-01      25       3      22 |   1.08E+00  1.08E+00  1.92E+05  1.25E+01  3.84E+00  3.48E-04
    200  7.8588E-02  4.0588E-04  5.6250E-01  7.0730E-02 -7.8588E-02  0.0000E+00  1.1750E+00  5.0000E-01  1.3878E-16  0.0000E+00  1.0171E+00  1.6666E+00  7.8125E-01  4.6875E-02  1.7188E-01      25       3      22 |   1.08E+00  1.08E+00  1.85E+05  1.25E+01  4.01E+00  3.58E-04
    210  8.2647E-02  4.0590E-04  5.6250E-01  7.4383E-02 -8.2647E-02  0.0000E+00  1.1750E+00  5.0000E-01  6.9389E-17  0.0000E+00  1.0180E+00  1.6667E+00  7.8125E-01  4.6875E-02  1.7188E-01      25       3      22 |   1.08E+00  1.08E+00  1.82E+05  1.25E+01  4.07E+00  3.59E-04
    220  8.6706E-02  4.0592E-04  5.6250E-01  7.8036E-02 -8.6706E-02  0.0000E+00  1.1750E+00  5.0000E-01  1.2490E-16  0.0000E+00  1.0188E+00  1.6668E+00  7.5000E-01  6.2500E-02  1.8750E-01      24       4      24 |   1.00E+00  1.00E+00  1.93E+05  1.30E+01  3.98E+00  3.46E-04
    230  9.0766E-02  4.0593E-04  5.6250E-01  8.1689E-02 -9.0766E-02  0.0000E+00  1.1750E+00  5.0000E-01  8.3267E-17  0.0000E+00  1.0197E+00  1.6670E+00  7.5000E-01  4.6875E-02  2.0312E-01      24       3      26 |   1.08E+00  1.08E+00  2.00E+05  1.32E+01  3.93E+00  3.37E-04
    240  9.4825E-02  4.0595E-04  5.6250E-01  8.5343E-02 -9.4825E-02  0.0000E+00  1.1750E+00  5.0000E-01  1.6653E-16  0.0000E+00  1.0206E+00  1.6671E+00  7.5000E-01  4.6875E-02  2.0312E-01      24       3      26 |   1.08E+00  1.08E+00  1.98E+05  1.32E+01  3.95E+00  3.35E-04
    250  9.8885E-02  4.0597E-04  5.6250E-01  8.8996E-02 -9.8885E-02  0.0000E+00  1.1750E+00  5.0000E-01  1.8041E-16  0.0000E+00  1.0215E+00  1.6672E+00  7.5000E-01  4.6875E-02  2.0312E-01      24       3      26 |   1.08E+00  1.08E+00  1.98E+05  1.32E+01  3.96E+00  3.31E-04
    260  1.0294E-01  4.0598E-04  5.6250E-01  9.2650E-02 -1.0294E-01  0.0000E+00  1.1750E+00  5.0000E-01  1.3878E-16  0.0000E+00  1.0224E+00  1.6673E+00  7.5000E-01  3.1250E-02  2.1875E-01      24       2      28 |   1.08E+00  1.08E+00  1.99E+05  1.35E+01  4.02E+00  3.32E-04
    270  1.0700E-01  4.0599E-04  5.6250E-01  9.6304E-02 -1.0700E-01  0.0000E+00  1.1750E+00  5.0000E-01  9.7145E-17  0.0000E+00  1.0233E+00  1.6674E+00  7.1875E-01  4.6875E-02  2.3438E-01      23       3      30 |   1.00E+00  1.00E+00  2.01E+05  1.40E+01  4.12E+00  3.35E-04
    280  1.1106E-01  4.0601E-04  5.6250E-01  9.9958E-02 -1.1106E-01  0.0000E+00  1.1750E+00  5.0000E-01  2.3592E-16  0.0000E+00  1.0242E+00  1.6676E+00  7.1875E-01  6.2500E-02  2.1875E-01      23       4      28 |   1.08E+00  1.08E+00  1.96E+05  1.38E+01  4.15E+00  3.33E-04
    290  1.1512E-01  4.0602E-04  5.6250E-01  1.0361E-01 -1.1512E-01  0.0000E+00  1.1750E+00  5.0000E-01  1.9429E-16  0.0000E+00  1.0251E+00  1.6677E+00  7.1875E-01  6.2500E-02  2.1875E-01      23       4      28 |   1.08E+00  1.08E+00  1.90E+05  1.38E+01  4.27E+00  3.38E-04
    300  1.1918E-01  4.0603E-04  5.6250E-01  1.0727E-01 -1.1918E-01  0.0000E+00  1.1750E+00  5.0000E-01  1.6653E-16  0.0000E+00  1.0260E+00  1.6678E+00  7.1875E-01  7.8125E-02  2.0312E-01      23       5      26 |   1.08E+00  1.08E+00  1.87E+05  1.35E+01  4.26E+00  3.32E-04
    310  1.2325E-01  4.0604E-04  5.6250E-01  1.1092E-01 -1.2325E-01  0.0000E+00  1.1750E+00  5.0000E-01  2.4980E-16  0.0000E+00  1.0269E+00  1.6679E+00  6.8750E-01  7.8125E-02  2.3438E-01      22       5      30 |   1.07E+00  1.07E+00  1.98E+05  1.42E+01  4.26E+00  3.28E-04
    320  1.2731E-01  4.0606E-04  5.6250E-01  1.1458E-01 -1.2731E-01  0.0000E+00  1.1750E+00  5.0000E-01  2.0817E-16  0.0000E+00  1.0277E+00  1.6680E+00  6.8750E-01  7.8125E-02  2.3438E-01      22       5      30 |   1.07E+00  1.07E+00  2.00E+05  1.42E+01  4.22E+00  3.20E-04
    330  1.3137E-01  4.0607E-04  5.6250E-01  1.1823E-01 -1.3137E-01  0.0000E+00  1.1750E+00  5.0000E-01  1.9429E-16  0.0000E+00  1.0286E+00  1.6681E+00  6.8750E-01  7.8125E-02  2.3438E-01      22       5      30 |   1.07E+00  1.07E+00  1.98E+05  1.42E+01  4.24E+00  3.17E-04
    340  1.3543E-01  4.0608E-04  5.6250E-01  1.2188E-01 -1.3543E-01  0.0000E+00  1.1750E+00  5.0000E-01  1.6653E-16  0.0000E+00  1.0295E+00  1.6682E+00  6.8750E-01  7.8125E-02  2.3438E-01      22       5      30 |   1.07E+00  1.07E+00  2.00E+05  1.42E+01  4.21E+00  3.09E-04
    350  1.3949E-01  4.0609E-04  5.6250E-01  1.2554E-01 -1.3949E-01  0.0000E+00  1.1750E+00  5.0000E-01  2.6368E-16  0.0000E+00  1.0304E+00  1.6684E+00  6.5625E-01  1.0938E-01  2.3438E-01      21       7      30 |   1.07E+00  1.07E+00  1.73E+05  1.45E+01  4.96E+00  3.59E-04
    360  1.4355E-01  4.0610E-04  5.6250E-01  1.2919E-01 -1.4355E-01  0.0000E+00  1.1750E+00  5.0000E-01  2.7756E-16  0.0000E+00  1.0313E+00  1.6685E+00  6.5625E-01  1.0938E-01  2.3438E-01      21       7      30 |   1.07E+00  1.07E+00  1.82E+05  1.45E+01  4.72E+00  3.36E-04
    370  1.4761E-01  4.0611E-04  5.6250E-01  1.3285E-01 -1.4761E-01  0.0000E+00  1.1750E+00  5.0000E-01  2.4980E-16  0.0000E+00  1.0322E+00  1.6686E+00  6.5625E-01  1.0938E-01  2.3438E-01      21       7      30 |   1.07E+00  1.07E+00  1.94E+05  1.45E+01  4.41E+00  3.09E-04
    380  1.5167E-01  4.0612E-04  5.6250E-01  1.3650E-01 -1.5167E-01  0.0000E+00  1.1750E+00  5.0000E-01  3.8858E-16  0.0000E+00  1.0331E+00  1.6687E+00  6.5625E-01  1.0938E-01  2.3438E-01      21       7      30 |   1.07E+00  1.07E+00  1.92E+05  1.45E+01  4.47E+00  3.09E-04
    390  1.5573E-01  4.0613E-04  5.6250E-01  1.4016E-01 -1.5573E-01  0.0000E+00  1.1750E+00  5.0000E-01  2.3592E-16  0.0000E+00  1.0340E+00  1.6688E+00  6.5625E-01  9.3750E-02  2.5000E-01      21       6      32 |   1.07E+00  1.07E+00  1.95E+05  1.48E+01  4.47E+00  3.03E-04
    400  1.5979E-01  4.0613E-04  5.6250E-01  1.4381E-01 -1.5979E-01  0.0000E+00  1.1750E+00  5.0000E-01  3.0531E-16  0.0000E+00  1.0349E+00  1.6689E+00  6.2500E-01  1.0938E-01  2.6562E-01      20       7      34 |   1.07E+00  1.07E+00  2.03E+05  1.52E+01  4.45E+00  2.97E-04
    410  1.6386E-01  4.0614E-04  5.6250E-01  1.4747E-01 -1.6386E-01  0.0000E+00  1.1750E+00  5.0000E-01  3.8858E-16  0.0000E+00  1.0358E+00  1.6690E+00  6.2500E-01  1.2500E-01  2.5000E-01      20       8      32 |   1.00E+00  1.00E+00  1.98E+05  1.50E+01  4.47E+00  2.93E-04
    420  1.6792E-01  4.0615E-04  5.6250E-01  1.5112E-01 -1.6792E-01  0.0000E+00  1.1750E+00  5.0000E-01  3.1919E-16  0.0000E+00  1.0366E+00  1.6692E+00  6.2500E-01  1.2500E-01  2.5000E-01      20       8      32 |   1.00E+00  1.00E+00  2.00E+05  1.50E+01  4.43E+00  2.86E-04
    430  1.7198E-01  4.0616E-04  5.6250E-01  1.5478E-01 -1.7198E-01  0.0000E+00  1.1750E+00  5.0000E-01  2.7756E-16  0.0000E+00  1.0375E+00  1.6693E+00  5.9375E-01  1.4062E-01  2.6562E-01      19       9      34 |   1.07E+00  1.07E+00  2.00E+05  1.55E+01  4.58E+00  2.90E-04
    440  1.7604E-01  4.0617E-04  5.6250E-01  1.5844E-01 -1.7604E-01  0.0000E+00  1.1750E+00  5.0000E-01  3.0531E-16  0.0000E+00  1.0384E+00  1.6694E+00  5.9375E-01  1.2500E-01  2.8125E-01      19       8      36 |   1.07E+00  1.07E+00  1.98E+05  1.58E+01  4.71E+00  2.93E-04
    450  1.8010E-01  4.0617E-04  5.6250E-01  1.6209E-01 -1.8010E-01  0.0000E+00  1.1750E+00  5.0000E-01  3.8858E-16  0.0000E+00  1.0393E+00  1.6695E+00  5.9375E-01  1.2500E-01  2.8125E-01      19       8      36 |   1.07E+00  1.07E+00  2.00E+05  1.58E+01  4.65E+00  2.84E-04
    460  1.8416E-01  4.0618E-04  5.6250E-01  1.6575E-01 -1.8416E-01  0.0000E+00  1.1750E+00  5.0000E-01  5.5511E-16  0.0000E+00  1.0402E+00  1.6696E+00  5.9375E-01  1.2500E-01  2.8125E-01      19       8      36 |   1.07E+00  1.07E+00  2.00E+05  1.58E+01  4.64E+00  2.78E-04
    470  1.8823E-01  4.0619E-04  5.6250E-01  1.6940E-01 -1.8823E-01  0.0000E+00  1.1750E+00  5.0000E-01  4.4409E-16  0.0000E+00  1.0411E+00  1.6697E+00  5.9375E-01  1.2500E-01  2.8125E-01      19       8      36 |   1.07E+00  1.07E+00  1.94E+05  1.58E+01  4.80E+00  2.82E-04
    480  1.9229E-01  4.0619E-04  5.6250E-01  1.7306E-01 -1.9229E-01  0.0000E+00  1.1750E+00  5.0000E-01  3.1919E-16  0.0000E+00  1.0420E+00  1.6698E+00  5.6250E-01  1.5625E-01  2.8125E-01      18      10      36 |   1.00E+00  1.00E+00  1.95E+05  1.60E+01  4.84E+00  2.79E-04
    490  1.9635E-01  4.0620E-04  5.6250E-01  1.7671E-01 -1.9635E-01  0.0000E+00  1.1750E+00  5.0000E-01  4.1633E-16  0.0000E+00  1.0429E+00  1.6699E+00  5.6250E-01  1.5625E-01  2.8125E-01      18      10      36 |   1.00E+00  1.00E+00  1.93E+05  1.60E+01  4.91E+00  2.78E-04
    500  2.0041E-01  4.0621E-04  5.6250E-01  1.8037E-01 -2.0041E-01  0.0000E+00  1.1750E+00  5.0000E-01  5.5511E-16  0.0000E+00  1.0438E+00  1.6700E+00  5.6250E-01  1.5625E-01  2.8125E-01      18      10      36 |   1.00E+00  1.00E+00  1.93E+05  1.60E+01  4.91E+00  2.72E-04
    510  2.0447E-01  4.0621E-04  5.6250E-01  1.8403E-01 -2.0447E-01  0.0000E+00  1.1750E+00  5.0000E-01  6.2450E-16  0.0000E+00  1.0447E+00  1.6702E+00  5.3125E-01  1.5625E-01  3.1250E-01      17      10      40 |   1.06E+00  1.06E+00  2.06E+05  1.68E+01  4.80E+00  2.61E-04
    520  2.0854E-01  4.0622E-04  5.6250E-01  1.8768E-01 -2.0854E-01  0.0000E+00  1.1750E+00  5.0000E-01  5.2736E-16  0.0000E+00  1.0455E+00  1.6703E+00  5.6250E-01  1.5625E-01  2.8125E-01      18      10      36 |   1.00E+00  1.00E+00  1.88E+05  1.60E+01  5.02E+00  2.67E-04
    530  2.1260E-01  4.0623E-04  5.6250E-01  1.9134E-01 -2.1260E-01  0.0000E+00  1.1750E+00  5.0000E-01  5.6899E-16  0.0000E+00  1.0464E+00  1.6704E+00  5.6250E-01  1.4062E-01  2.9688E-01      18       9      38 |   1.06E+00  1.06E+00  1.89E+05  1.62E+01  5.08E+00  2.64E-04
    540  2.1666E-01  4.0623E-04  5.6250E-01  1.9499E-01 -2.1666E-01  0.0000E+00  1.1750E+00  5.0000E-01  6.2450E-16  0.0000E+00  1.0473E+00  1.6705E+00  5.6250E-01  1.4062E-01  2.9688E-01      18       9      38 |   1.06E+00  1.06E+00  1.88E+05  1.62E+01  5.10E+00  2.60E-04
    550  2.2072E-01  4.0624E-04  5.6250E-01  1.9865E-01 -2.2072E-01  0.0000E+00  1.1750E+00  5.0000E-01  7.3552E-16  0.0000E+00  1.0482E+00  1.6706E+00  5.6250E-01  1.4062E-01  2.9688E-01      18       9      38 |   1.06E+00  1.06E+00  1.83E+05  1.62E+01  5.24E+00  2.61E-04
    560  2.2478E-01  4.0624E-04  5.6250E-01  2.0231E-01 -2.2478E-01  0.0000E+00  1.1750E+00  5.0000E-01  5.6899E-16  0.0000E+00  1.0491E+00  1.6707E+00  5.6250E-01  1.4062E-01  2.9688E-01      18       9      38 |   1.06E+00  1.06E+00  1.92E+05  1.62E+01  5.01E+00  2.44E-04
    570  2.2885E-01  4.0625E-04  5.6250E-01  2.0596E-01 -2.2885E-01  0.0000E+00  1.1750E+00  5.0000E-01  7.6328E-16  0.0000E+00  1.0500E+00  1.6708E+00  5.3125E-01  1.4062E-01  3.2812E-01      17       9      42 |   1.00E+00  1.00E+00  1.92E+05  1.70E+01  5.23E+00  2.49E-04
    580  2.3291E-01  4.0625E-04  5.6250E-01  2.0962E-01 -2.3291E-01  0.0000E+00  1.1750E+00  5.0000E-01  7.0777E-16  0.0000E+00  1.0509E+00  1.6709E+00  5.3125E-01  1.5625E-01  3.1250E-01      17      10      40 |   1.06E+00  1.06E+00  1.86E+05  1.68E+01  5.32E+00  2.47E-04
    590  2.3697E-01  4.0626E-04  5.6250E-01  2.1328E-01 -2.3697E-01  0.0000E+00  1.1750E+00  5.0000E-01  7.0777E-16  0.0000E+00  1.0518E+00  1.6710E+00  5.3125E-01  1.5625E-01  3.1250E-01      17      10      40 |   1.06E+00  1.06E+00  1.83E+05  1.68E+01  5.39E+00  2.44E-04
    600  2.4103E-01  4.0626E-04  5.6250E-01  2.1693E-01 -2.4104E-01  0.0000E+00  1.1750E+00  5.0000E-01  5.6899E-16  0.0000E+00  1.0527E+00  1.6711E+00  5.3125E-01  1.5625E-01  3.1250E-01      17      10      40 |   1.06E+00  1.06E+00  1.91E+05  1.68E+01  5.18E+00  2.29E-04
    610  2.4510E-01  4.0627E-04  5.6250E-01  2.2059E-01 -2.4510E-01  0.0000E+00  1.1750E+00  5.0000E-01  6.9389E-16  0.0000E+00  1.0536E+00  1.6713E+00  5.3125E-01  1.5625E-01  3.1250E-01      17      10      40 |   1.06E+00  1.06E+00  1.91E+05  1.68E+01  5.19E+00  2.23E-04
    620  2.4916E-01  4.0627E-04  5.6250E-01  2.2425E-01 -2.4916E-01  0.0000E+00  1.1750E+00  5.0000E-01  8.1879E-16  0.0000E+00  1.0544E+00  1.6714E+00  5.3125E-01  1.5625E-01  3.1250E-01      17      10      40 |   1.06E+00  1.06E+00  1.87E+05  1.68E+01  5.29E+00  2.22E-04
    630  2.5322E-01  4.0628E-04  5.6250E-01  2.2790E-01 -2.5322E-01  0.0000E+00  1.1750E+00  5.0000E-01  9.5757E-16  0.0000E+00  1.0553E+00  1.6715E+00  5.3125E-01  1.2500E-01  3.4375E-01      17       8      44 |   1.06E+00  1.06E+00  1.97E+05  1.72E+01  5.17E+00  2.11E-04
    640  2.5729E-01  4.0628E-04  5.6250E-01  2.3156E-01 -2.5729E-01  0.0000E+00  1.1750E+00  5.0000E-01  9.2981E-16  0.0000E+00  1.0562E+00  1.6716E+00  5.3125E-01  1.5625E-01  3.1250E-01      17      10      40 |   1.06E+00  1.06E+00  1.92E+05  1.68E+01  5.14E+00  2.04E-04
    650  2.6135E-01  4.0629E-04  5.6250E-01  2.3522E-01 -2.6135E-01  0.0000E+00  1.1750E+00  5.0000E-01  9.1593E-16  0.0000E+00  1.0571E+00  1.6717E+00  5.3125E-01  1.5625E-01  3.1250E-01      17      10      40 |   1.06E+00  1.06E+00  1.93E+05  1.68E+01  5.13E+00  1.98E-04
    660  2.6541E-01  4.0629E-04  5.6250E-01  2.3887E-01 -2.6541E-01  0.0000E+00  1.1750E+00  5.0000E-01  1.0547E-15  0.0000E+00  1.0580E+00  1.6718E+00  5.3125E-01  1.4062E-01  3.2812E-01      17       9      42 |   1.00E+00  1.00E+00  1.94E+05  1.70E+01  5.18E+00  1.94E-04
    670  2.6947E-01  4.0630E-04  5.6250E-01  2.4253E-01 -2.6948E-01  0.0000E+00  1.1750E+00  5.0000E-01  1.0547E-15  0.0000E+00  1.0589E+00  1.6719E+00  5.0000E-01  1.5625E-01  3.4375E-01      16      10      44 |   1.06E+00  1.06E+00  1.95E+05  1.75E+01  5.29E+00  1.92E-04
    680  2.7354E-01  4.0630E-04  5.6250E-01  2.4619E-01 -2.7354E-01  0.0000E+00  1.1750E+00  5.0000E-01  1.0270E-15  0.0000E+00  1.0598E+00  1.6720E+00  5.0000E-01  1.7188E-01  3.2812E-01      16      11      42 |   1.06E+00  1.06E+00  1.91E+05  1.72E+01  5.33E+00  1.87E-04
    690  2.7760E-01  4.0630E-04  5.6250E-01  2.4985E-01 -2.7760E-01  0.0000E+00  1.1750E+00  5.0000E-01  1.0825E-15  0.0000E+00  1.0607E+00  1.6721E+00  5.0000E-01  1.5625E-01  3.4375E-01      16      10      44 |   1.06E+00  1.06E+00  1.93E+05  1.75E+01  5.37E+00  1.83E-04
    700  2.8166E-01  4.0631E-04  5.6250E-01  2.5350E-01 -2.8166E-01  0.0000E+00  1.1750E+00  5.0000E-01  1.1241E-15  0.0000E+00  1.0616E+00  1.6722E+00  5.0000E-01  1.5625E-01  3.4375E-01      16      10      44 |   1.06E+00  1.06E+00  1.93E+05  1.75E+01  5.35E+00  1.76E-04
    710  2.8573E-01  4.0631E-04  5.6250E-01  2.5716E-01 -2.8573E-01  0.0000E+00  1.1750E+00  5.0000E-01  1.1380E-15  0.0000E+00  1.0625E+00  1.6723E+00  5.3125E-01  1.0938E-01  3.5938E-01      17       7      46 |   1.06E+00  1.06E+00  1.95E+05  1.75E+01  5.30E+00  1.68E-04
    720  2.8979E-01  4.0632E-04  5.6250E-01  2.6082E-01 -2.8979E-01  0.0000E+00  1.1750E+00  5.0000E-01  1.1796E-15  0.0000E+00  1.0634E+00  1.6725E+00  5.3125E-01  1.4062E-01  3.2812E-01      17       9      42 |   1.00E+00  1.00E+00  1.92E+05  1.70E+01  5.23E+00  1.60E-04
    730  2.9385E-01  4.0632E-04  5.6250E-01  2.6447E-01 -2.9385E-01  0.0000E+00  1.1750E+00  5.0000E-01  1.2768E-15  0.0000E+00  1.0642E+00  1.6726E+00  5.3125E-01  1.8750E-01  2.8125E-01      17      12      36 |   1.06E+00  1.06E+00  1.84E+05  1.62E+01  5.22E+00  1.54E-04
    740  2.9792E-01  4.0632E-04  5.6250E-01  2.6813E-01 -2.9792E-01  0.0000E+00  1.1750E+00  5.0000E-01  1.1796E-15  0.0000E+00  1.0651E+00  1.6727E+00  5.3125E-01  1.8750E-01  2.8125E-01      17      12      36 |   1.06E+00  1.06E+00  1.85E+05  1.62E+01  5.18E+00  1.47E-04
    750  3.0198E-01  4.0633E-04  5.6250E-01  2.7179E-01 -3.0198E-01  0.0000E+00  1.1750E+00  5.0000E-01  1.2490E-15  0.0000E+00  1.0660E+00  1.6728E+00  4.6875E-01  2.1875E-01  3.1250E-01      15      14      40 |   1.06E+00  1.06E+00  1.96E+05  1.72E+01  5.21E+00  1.42E-04
    760  3.0604E-01  4.0633E-04  5.6250E-01  2.7545E-01 -3.0604E-01  0.0000E+00  1.1750E+00  5.0000E-01  1.3323E-15  0.0000E+00  1.0669E+00  1.6729E+00  4.6875E-01  2.3438E-01  2.9688E-01      15      15      38 |   1.00E+00  1.00E+00  1.89E+05  1.70E+01  5.32E+00  1.39E-04
    770  3.1011E-01  4.0633E-04  5.6250E-01  2.7910E-01 -3.1011E-01  0.0000E+00  1.1750E+00  5.0000E-01  1.3323E-15  0.0000E+00  1.0678E+00  1.6730E+00  4.6875E-01  3.1250E-01  2.1875E-01      15      20      28 |   1.07E+00  1.07E+00  1.76E+05  1.58E+01  5.29E+00  1.32E-04
    780  3.1417E-01  4.0634E-04  5.6250E-01  2.8276E-01 -3.1417E-01  0.0000E+00  1.1750E+00  5.0000E-01  1.2768E-15  0.0000E+00  1.0687E+00  1.6731E+00  4.6875E-01  3.1250E-01  2.1875E-01      15      20      28 |   1.07E+00  1.07E+00  1.83E+05  1.58E+01  5.09E+00  1.21E-04
    790  3.1823E-01  4.0634E-04  5.6250E-01  2.8642E-01 -3.1823E-01  0.0000E+00  1.1750E+00  5.0000E-01  1.4988E-15  0.0000E+00  1.0696E+00  1.6732E+00  4.6875E-01  2.9688E-01  2.3438E-01      15      19      30 |   1.00E+00  1.00E+00  1.81E+05  1.60E+01  5.22E+00  1.19E-04
    800  3.2230E-01  4.0635E-04  5.6250E-01  2.9007E-01 -3.2230E-01  0.0000E+00  1.1750E+00  5.0000E-01  1.4155E-15  0.0000E+00  1.0705E+00  1.6733E+00  4.6875E-01  2.9688E-01  2.3438E-01      15      19      30 |   1.00E+00  1.00E+00  1.86E+05  1.60E+01  5.07E+00  1.09E-04
    810  3.2636E-01  4.0635E-04  5.6250E-01  2.9373E-01 -3.2636E-01  0.0000E+00  1.1750E+00  5.0000E-01  1.4710E-15  0.0000E+00  1.0714E+00  1.6734E+00  4.6875E-01  3.1250E-01  2.1875E-01      15      20      28 |   1.07E+00  1.07E+00  1.83E+05  1.58E+01  5.09E+00  1.04E-04
    820  3.3042E-01  4.0635E-04  5.6250E-01  2.9739E-01 -3.3042E-01  0.0000E+00  1.1750E+00  5.0000E-01  1.6098E-15  0.0000E+00  1.0723E+00  1.6735E+00  4.6875E-01  3.1250E-01  2.1875E-01      15      20      28 |   1.07E+00  1.07E+00  1.82E+05  1.58E+01  5.12E+00  9.90E-05
    830  3.3449E-01  4.0636E-04  5.6250E-01  3.0105E-01 -3.3449E-01  0.0000E+00  1.1750E+00  5.0000E-01  1.4710E-15  0.0000E+00  1.0732E+00  1.6736E+00  4.6875E-01  3.1250E-01  2.1875E-01      15      20      28 |   1.07E+00  1.07E+00  1.84E+05  1.58E+01  5.06E+00  9.20E-05
    840  3.3855E-01  4.0636E-04  5.6250E-01  3.0470E-01 -3.3855E-01  0.0000E+00  1.1750E+00  5.0000E-01  1.6098E-15  0.0000E+00  1.0740E+00  1.6737E+00  4.3750E-01  3.2812E-01  2.3438E-01      14      21      30 |   1.06E+00  1.06E+00  1.89E+05  1.62E+01  5.07E+00  8.65E-05
    850  3.4261E-01  4.0636E-04  5.6250E-01  3.0836E-01 -3.4262E-01  0.0000E+00  1.1750E+00  5.0000E-01  1.7208E-15  0.0000E+00  1.0749E+00  1.6739E+00  4.3750E-01  3.4375E-01  2.1875E-01      14      22      28 |   1.00E+00  1.00E+00  1.85E+05  1.60E+01  5.10E+00  8.13E-05
    860  3.4668E-01  4.0636E-04  5.6250E-01  3.1202E-01 -3.4668E-01  0.0000E+00  1.1750E+00  5.0000E-01  1.7208E-15  0.0000E+00  1.0758E+00  1.6740E+00  4.3750E-01  3.5938E-01  2.0312E-01      14      23      26 |   1.07E+00  1.07E+00  1.84E+05  1.58E+01  5.06E+00  7.50E-05
    870  3.5074E-01  4.0637E-04  5.6250E-01  3.1568E-01 -3.5074E-01  0.0000E+00  1.1750E+00  5.0000E-01  1.7486E-15  0.0000E+00  1.0767E+00  1.6741E+00  4.6875E-01  2.9688E-01  2.3438E-01      15      19      30 |   1.00E+00  1.00E+00  1.84E+05  1.60E+01  5.12E+00  7.01E-05
    880  3.5481E-01  4.0637E-04  5.6250E-01  3.1933E-01 -3.5481E-01  0.0000E+00  1.1750E+00  5.0000E-01  1.8596E-15  0.0000E+00  1.0776E+00  1.6742E+00  5.0000E-01  2.3438E-01  2.6562E-01      16      15      34 |   1.06E+00  1.06E+00  1.88E+05  1.62E+01  5.11E+00  6.41E-05
    890  3.5887E-01  4.0637E-04  5.6250E-01  3.2299E-01 -3.5887E-01  0.0000E+00  1.1750E+00  5.0000E-01  1.8041E-15  0.0000E+00  1.0785E+00  1.6743E+00  5.0000E-01  2.6562E-01  2.3438E-01      16      17      30 |   1.07E+00  1.07E+00  1.83E+05  1.58E+01  5.08E+00  5.80E-05
    900  3.6293E-01  4.0638E-04  5.6250E-01  3.2665E-01 -3.6293E-01  0.0000E+00  1.1750E+00  5.0000E-01  1.7486E-15  0.0000E+00  1.0794E+00  1.6744E+00  5.3125E-01  2.5000E-01  2.1875E-01      17      16      28 |   1.07E+00  1.07E+00  1.76E+05  1.52E+01  5.12E+00  5.27E-05
    910  3.6700E-01  4.0638E-04  5.6250E-01  3.3031E-01 -3.6700E-01  0.0000E+00  1.1750E+00  5.0000E-01  1.6931E-15  0.0000E+00  1.0803E+00  1.6745E+00  5.0000E-01  2.8125E-01  2.1875E-01      16      18      28 |   1.07E+00  1.07E+00  1.84E+05  1.55E+01  4.97E+00  4.56E-05
    920  3.7106E-01  4.0638E-04  5.6250E-01  3.3396E-01 -3.7106E-01  0.0000E+00  1.1750E+00  5.0000E-01  1.5821E-15  0.0000E+00  1.0812E+00  1.6746E+00  5.0000E-01  2.8125E-01  2.1875E-01      16      18      28 |   1.07E+00  1.07E+00  1.81E+05  1.55E+01  5.07E+00  4.07E-05
    930  3.7512E-01  4.0639E-04  5.6250E-01  3.3762E-01 -3.7513E-01  0.0000E+00  1.1750E+00  5.0000E-01  1.1657E-15  0.0000E+00  1.0821E+00  1.6747E+00  5.0000E-01  2.8125E-01  2.1875E-01      16      18      28 |   1.07E+00  1.07E+00  1.76E+05  1.55E+01  5.21E+00  3.60E-05
    940  3.7919E-01  4.0639E-04  5.6250E-01  3.4128E-01 -3.7919E-01  0.0000E+00  1.1750E+00  5.0000E-01  3.7470E-16  0.0000E+00  1.0830E+00  1.6748E+00  5.0000E-01  2.6562E-01  2.3438E-01      16      17      30 |   1.07E+00  1.07E+00  1.83E+05  1.58E+01  5.09E+00  2.94E-05
    950  3.8325E-01  4.0639E-04  5.6250E-01  3.4494E-01 -3.8325E-01  0.0000E+00  1.1750E+00  5.0000E-01 -1.2768E-15  0.0000E+00  1.0838E+00  1.6749E+00  5.3125E-01  2.6562E-01  2.0312E-01      17      17      26 |   1.00E+00  1.00E+00  1.78E+05  1.50E+01  4.97E+00  2.31E-05
    960  3.8732E-01  4.0639E-04  5.6250E-01  3.4859E-01 -3.8732E-01  0.0000E+00  1.1750E+00  5.0000E-01 -4.7462E-15  0.0000E+00  1.0847E+00  1.6750E+00  5.3125E-01  2.6562E-01  2.0312E-01      17      17      26 |   1.00E+00  1.00E+00  1.85E+05  1.50E+01  4.80E+00  1.69E-05
    970  3.9138E-01  4.0640E-04  5.6250E-01  3.5225E-01 -3.9138E-01  0.0000E+00  1.1750E+00  5.0000E-01 -1.1588E-14  0.0000E+00  1.0856E+00  1.6752E+00  5.3125E-01  2.5000E-01  2.1875E-01      17      16      28 |   1.07E+00  1.07E+00  1.82E+05  1.52E+01  4.94E+00  1.18E-05
    980  3.9544E-01  4.0640E-04  5.6250E-01  3.5591E-01 -3.9545E-01  0.0000E+00  1.1750E+00  5.0000E-01 -2.4897E-14  0.0000E+00  1.0865E+00  1.6753E+00  5.3125E-01  2.5000E-01  2.1875E-01      17      16      28 |   1.07E+00  1.07E+00  1.83E+05  1.52E+01  4.91E+00  6.22E-06
    990  3.9951E-01  4.0640E-04  5.6250E-01  3.5957E-01 -3.9951E-01  0.0000E+00  1.1750E+00  5.0000E-01 -5.0321E-14  0.0000E+00  1.0874E+00  1.6754E+00  5.0000E-01  2.9688E-01  2.0312E-01      16      19      26 |   1.07E+00  1.07E+00  1.81E+05  1.52E+01  4.99E+00  6.82E-07
    992  4.0000E-01  0.0000E+00  5.6250E-01  3.6001E-01 -4.0000E-01  0.0000E+00  1.1750E+00  5.0000E-01 -5.4567E-14  0.0000E+00  1.0875E+00  1.6754E+00  5.0000E-01  2.9688E-01  2.0312E-01      16      19      26 |   1.07E+00  1.07E+00  1.41E+04  1.52E+01  0.00E+00  0.00E+00